2018-04-13 10:32:27,097 - Log4JLogChute initialized using file 'velocity.log'
2018-04-13 10:32:27,097 - Initializing Velocity, Calling init()...
2018-04-13 10:32:27,097 - Starting Apache Velocity v1.7 (compiled: 2010-11-19 12:14:37)
2018-04-13 10:32:27,097 - Default Properties File: org\apache\velocity\runtime\defaults\velocity.properties
2018-04-13 10:32:27,098 - Trying to use logger class org.apache.velocity.runtime.log.AvalonLogChute
2018-04-13 10:32:27,098 - Target log system for org.apache.velocity.runtime.log.AvalonLogChute is not available (java.lang.NoClassDefFoundError: org/apache/log/format/Formatter).  Falling back to next log system...
2018-04-13 10:32:27,098 - Trying to use logger class org.apache.velocity.runtime.log.Log4JLogChute
2018-04-13 10:32:27,098 - Using logger class org.apache.velocity.runtime.log.Log4JLogChute
2018-04-13 10:32:27,104 - ResourceLoader instantiated: org.apache.velocity.runtime.resource.loader.ClasspathResourceLoader
2018-04-13 10:32:27,115 - ResourceCache: initialized (class org.apache.velocity.runtime.resource.ResourceCacheImpl) with class java.util.Collections$SynchronizedMap cache map.
2018-04-13 10:32:27,116 - Loaded System Directive: org.apache.velocity.runtime.directive.Stop
2018-04-13 10:32:27,118 - Loaded System Directive: org.apache.velocity.runtime.directive.Define
2018-04-13 10:32:27,118 - Loaded System Directive: org.apache.velocity.runtime.directive.Break
2018-04-13 10:32:27,119 - Loaded System Directive: org.apache.velocity.runtime.directive.Evaluate
2018-04-13 10:32:27,120 - Loaded System Directive: org.apache.velocity.runtime.directive.Literal
2018-04-13 10:32:27,121 - Loaded System Directive: org.apache.velocity.runtime.directive.Macro
2018-04-13 10:32:27,122 - Loaded System Directive: org.apache.velocity.runtime.directive.Parse
2018-04-13 10:32:27,123 - Loaded System Directive: org.apache.velocity.runtime.directive.Include
2018-04-13 10:32:27,124 - Loaded System Directive: org.apache.velocity.runtime.directive.Foreach
2018-04-13 10:32:27,155 - Created '20' parsers.
2018-04-13 10:32:27,162 - Velocimacro : "velocimacro.library" is not set.  Trying default library: VM_global_library.vm
2018-04-13 10:32:27,163 - Could not load resource 'VM_global_library.vm' from ResourceLoader org.apache.velocity.runtime.resource.loader.ClasspathResourceLoader: ClasspathResourceLoader Error: cannot find resource VM_global_library.vm
2018-04-13 10:32:27,163 - Velocimacro : Default library not found.
2018-04-13 10:32:27,163 - Velocimacro : allowInline = true : VMs can be defined inline in templates
2018-04-13 10:32:27,163 - Velocimacro : allowInlineToOverride = false : VMs defined inline may NOT replace previous VM definitions
2018-04-13 10:32:27,163 - Velocimacro : allowInlineLocal = false : VMs defined inline will be global in scope if allowed.
2018-04-13 10:32:27,163 - Velocimacro : autoload off : VM system will not automatically reload global library macros
2018-04-13 10:32:27,195 - ResourceManager : found /templates/entity.java.vm with loader org.apache.velocity.runtime.resource.loader.ClasspathResourceLoader
2018-04-13 10:32:27,238 - Left side (${versionFieldName}) of '==' operation has null value. If it is a reference, it may not be in the context or its toString() returned null. /templates/entity.java.vm[line 76, column 26]
2018-04-13 10:32:27,238 - Left side (${logicDeleteFieldName}) of '==' operation has null value. If it is a reference, it may not be in the context or its toString() returned null. /templates/entity.java.vm[line 80, column 30]
2018-04-13 10:32:27,238 - Left side (${versionFieldName}) of '==' operation has null value. If it is a reference, it may not be in the context or its toString() returned null. /templates/entity.java.vm[line 76, column 26]
2018-04-13 10:32:27,239 - Left side (${logicDeleteFieldName}) of '==' operation has null value. If it is a reference, it may not be in the context or its toString() returned null. /templates/entity.java.vm[line 80, column 30]
2018-04-13 10:32:27,239 - Left side (${versionFieldName}) of '==' operation has null value. If it is a reference, it may not be in the context or its toString() returned null. /templates/entity.java.vm[line 76, column 26]
2018-04-13 10:32:27,239 - Left side (${logicDeleteFieldName}) of '==' operation has null value. If it is a reference, it may not be in the context or its toString() returned null. /templates/entity.java.vm[line 80, column 30]
2018-04-13 10:32:27,239 - Left side (${versionFieldName}) of '==' operation has null value. If it is a reference, it may not be in the context or its toString() returned null. /templates/entity.java.vm[line 76, column 26]
2018-04-13 10:32:27,239 - Left side (${logicDeleteFieldName}) of '==' operation has null value. If it is a reference, it may not be in the context or its toString() returned null. /templates/entity.java.vm[line 80, column 30]
2018-04-13 10:32:27,239 - Left side (${versionFieldName}) of '==' operation has null value. If it is a reference, it may not be in the context or its toString() returned null. /templates/entity.java.vm[line 76, column 26]
2018-04-13 10:32:27,239 - Left side (${logicDeleteFieldName}) of '==' operation has null value. If it is a reference, it may not be in the context or its toString() returned null. /templates/entity.java.vm[line 80, column 30]
2018-04-13 10:32:27,241 - Left side (${versionFieldName}) of '==' operation has null value. If it is a reference, it may not be in the context or its toString() returned null. /templates/entity.java.vm[line 76, column 26]
2018-04-13 10:32:27,241 - Left side (${logicDeleteFieldName}) of '==' operation has null value. If it is a reference, it may not be in the context or its toString() returned null. /templates/entity.java.vm[line 80, column 30]
2018-04-13 10:32:27,241 - Left side (${versionFieldName}) of '==' operation has null value. If it is a reference, it may not be in the context or its toString() returned null. /templates/entity.java.vm[line 76, column 26]
2018-04-13 10:32:27,241 - Left side (${logicDeleteFieldName}) of '==' operation has null value. If it is a reference, it may not be in the context or its toString() returned null. /templates/entity.java.vm[line 80, column 30]
2018-04-13 10:32:27,242 - Left side (${versionFieldName}) of '==' operation has null value. If it is a reference, it may not be in the context or its toString() returned null. /templates/entity.java.vm[line 76, column 26]
2018-04-13 10:32:27,242 - Left side (${logicDeleteFieldName}) of '==' operation has null value. If it is a reference, it may not be in the context or its toString() returned null. /templates/entity.java.vm[line 80, column 30]
2018-04-13 10:32:27,243 - Left side (${versionFieldName}) of '==' operation has null value. If it is a reference, it may not be in the context or its toString() returned null. /templates/entity.java.vm[line 76, column 26]
2018-04-13 10:32:27,243 - Left side (${logicDeleteFieldName}) of '==' operation has null value. If it is a reference, it may not be in the context or its toString() returned null. /templates/entity.java.vm[line 80, column 30]
2018-04-13 10:32:27,243 - Left side (${versionFieldName}) of '==' operation has null value. If it is a reference, it may not be in the context or its toString() returned null. /templates/entity.java.vm[line 76, column 26]
2018-04-13 10:32:27,243 - Left side (${logicDeleteFieldName}) of '==' operation has null value. If it is a reference, it may not be in the context or its toString() returned null. /templates/entity.java.vm[line 80, column 30]
2018-04-13 10:32:27,264 - ResourceManager : found /templates/mapper.java.vm with loader org.apache.velocity.runtime.resource.loader.ClasspathResourceLoader
2018-04-13 10:32:27,277 - ResourceManager : found /templates/mapper.xml.vm with loader org.apache.velocity.runtime.resource.loader.ClasspathResourceLoader
2018-04-13 10:32:27,300 - ResourceManager : found /templates/service.java.vm with loader org.apache.velocity.runtime.resource.loader.ClasspathResourceLoader
2018-04-13 10:32:27,310 - ResourceManager : found /templates/serviceImpl.java.vm with loader org.apache.velocity.runtime.resource.loader.ClasspathResourceLoader
2018-04-13 10:32:27,313 - ResourceManager : found /templates/controller.java.vm with loader org.apache.velocity.runtime.resource.loader.ClasspathResourceLoader
